external/timezonepicker/build/outputs/logs/manifest-merger-debug-report.txt
-- Merging decision tree log ---
manifest
ADDED from external\timezonepicker\AndroidManifest.xml:17:1-26:12
INJECTED from external\timezonepicker\AndroidManifest.xml:17:1-26:12
INJECTED from external\timezonepicker\AndroidManifest.xml:17:1-26:12
INJECTED from external\timezonepicker\AndroidManifest.xml:17:1-26:12
INJECTED from external\timezonepicker\AndroidManifest.xml:17:1-26:12
INJECTED from external\timezonepicker\AndroidManifest.xml:17:1-26:12
INJECTED from external\timezonepicker\AndroidManifest.xml:17:1-26:12
	package
		ADDED from external\timezonepicker\AndroidManifest.xml:18:5-41
		INJECTED from external\timezonepicker\AndroidManifest.xml
		INJECTED from external\timezonepicker\AndroidManifest.xml
	android:versionName
		ADDED from external\timezonepicker\AndroidManifest.xml:20:5-30
		INJECTED from external\timezonepicker\AndroidManifest.xml
		INJECTED from external\timezonepicker\AndroidManifest.xml
	xmlns:android
		ADDED from external\timezonepicker\AndroidManifest.xml:17:11-69
	android:versionCode
		ADDED from external\timezonepicker\AndroidManifest.xml:19:5-28
		INJECTED from external\timezonepicker\AndroidManifest.xml
		INJECTED from external\timezonepicker\AndroidManifest.xml
uses-sdk
ADDED from external\timezonepicker\AndroidManifest.xml:22:5-24:41
INJECTED from external\timezonepicker\AndroidManifest.xml:22:5-24:41
INJECTED from external\timezonepicker\AndroidManifest.xml:22:5-24:41
INJECTED from external\timezonepicker\AndroidManifest.xml:22:5-24:41
INJECTED from external\timezonepicker\AndroidManifest.xml:22:5-24:41
	android:targetSdkVersion
		ADDED from external\timezonepicker\AndroidManifest.xml:24:9-38
		INJECTED from external\timezonepicker\AndroidManifest.xml
		INJECTED from external\timezonepicker\AndroidManifest.xml
	android:minSdkVersion
		ADDED from external\timezonepicker\AndroidManifest.xml:23:9-35
		INJECTED from external\timezonepicker\AndroidManifest.xml
		INJECTED from external\timezonepicker\AndroidManifest.xml